<?xml version="1.0" encoding="UTF-8"?>
<!-- Generated by org.testng.reporters.JUnitXMLReporter -->
<testsuite ignored="2" hostname="MOHANK-WIN10" failures="2" tests="3" name="Test" time="13.1" errors="0" timestamp="2024-07-19T16:44:05 IST">
  <testcase classname="pack1.Cl11" name="tezt" time="3.177"/>
  <testcase classname="pack1.Mouze_action" name="mouze" time="0.0">
    <failure type="java.lang.NullPointerException" message="Cannot invoke &amp;quot;org.openqa.selenium.WebDriver.findElement(org.openqa.selenium.By)&amp;quot; because &amp;quot;this.driver&amp;quot; is null">
      <![CDATA[java.lang.NullPointerException: Cannot invoke "org.openqa.selenium.WebDriver.findElement(org.openqa.selenium.By)" because "this.driver" is null
at pack1.Mouze_action.mouze(Mouze_action.java:19)
at java.base/java.util.ArrayList.forEach(ArrayList.java:1511)
... Removed 27 stack frames]]>
    </failure>
  </testcase> <!-- mouze -->
  <testcase classname="pack1.Link" name="link" time="0.001">
    <failure type="java.lang.NullPointerException" message="Cannot invoke &amp;quot;org.openqa.selenium.WebDriver.findElements(org.openqa.selenium.By)&amp;quot; because &amp;quot;this.driver&amp;quot; is null">
      <![CDATA[java.lang.NullPointerException: Cannot invoke "org.openqa.selenium.WebDriver.findElements(org.openqa.selenium.By)" because "this.driver" is null
at pack1.Link.link(Link.java:28)
at java.base/java.util.ArrayList.forEach(ArrayList.java:1511)
... Removed 27 stack frames]]>
    </failure>
  </testcase> <!-- link -->
  <testcase classname="pack1.Url1" name="@BeforeTest beforetezt" time="0.0">
    <ignored/>
  </testcase> <!-- @BeforeTest beforetezt -->
  <testcase classname="pack1.Url1" name="@BeforeTest beforetezt" time="0.0">
    <ignored/>
  </testcase> <!-- @BeforeTest beforetezt -->
</testsuite> <!-- Test -->
