<?xml version="1.0" encoding="UTF-8"?>
<!-- Generated by org.testng.reporters.JUnitXMLReporter -->
<testsuite ignored="1" hostname="MOHANK-WIN10" failures="1" tests="2" name="Test" time="17.931" errors="0" timestamp="2024-07-15T22:42:22 IST">
  <testcase classname="pack1.Cl11" name="tezt" time="6.153"/>
  <testcase classname="main1.Cl1" name="tezt" time="0.003">
    <failure type="java.lang.NullPointerException" message="Cannot invoke &amp;quot;org.openqa.selenium.WebDriver.findElements(org.openqa.selenium.By)&amp;quot; because &amp;quot;this.driver&amp;quot; is null">
      <![CDATA[java.lang.NullPointerException: Cannot invoke "org.openqa.selenium.WebDriver.findElements(org.openqa.selenium.By)" because "this.driver" is null
at main1.Cl1.tezt(Cl1.java:23)
at java.base/java.util.ArrayList.forEach(ArrayList.java:1511)
... Removed 27 stack frames]]>
    </failure>
  </testcase> <!-- tezt -->
  <testcase classname="main1.Url" name="@BeforeTest beforetezt" time="0.0">
    <ignored/>
  </testcase> <!-- @BeforeTest beforetezt -->
</testsuite> <!-- Test -->
